2018-01-02 16:30:43.530 [http-nio-8080-exec-1] ERROR c.m.t.user.controller.UserController - 이메일주속코드 조회 오류 : nested exception is org.apache.ibatis.builder.BuilderException: Error evaluating expression '@org.apache.commons.lang.StringUtils@isNotEmpty(codeGroupId)'. Cause: org.apache.ibatis.ognl.MethodFailedException: Method "isNotEmpty" failed for object org.apache.commons.lang.StringUtils [java.lang.ClassNotFoundException: Unable to resolve class: org.apache.commons.lang.StringUtils]
2018-01-02 16:32:23.737 [http-nio-8080-exec-1] ERROR c.m.t.user.controller.UserController - 이메일주속코드 조회 오류 : nested exception is org.apache.ibatis.builder.BuilderException: Error evaluating expression '@org.apache.commons.lang.StringUtils@isNotEmpty(codeGroupId)'. Cause: org.apache.ibatis.ognl.MethodFailedException: Method "isNotEmpty" failed for object org.apache.commons.lang.StringUtils [java.lang.ClassNotFoundException: Unable to resolve class: org.apache.commons.lang.StringUtils]
2018-01-02 16:51:15.796 [http-nio-8080-exec-1] INFO  c.m.t.user.controller.UserController - Code Count : 6 
2018-01-02 17:11:48.253 [http-nio-8080-exec-4] INFO  c.m.t.user.controller.UserController - Code Count : 6 
2018-01-02 17:12:47.592 [http-nio-8080-exec-10] INFO  c.m.t.user.controller.UserController - Code Count : 6 
2018-01-02 17:13:24.436 [http-nio-8080-exec-9] INFO  c.m.t.user.controller.UserController - Code Count : 6 
2018-01-02 17:13:48.261 [http-nio-8080-exec-8] INFO  c.m.t.user.controller.UserController - Code Count : 6 
2018-01-02 17:18:45.452 [http-nio-8080-exec-3] ERROR c.m.t.user.controller.UserController - 아이디 중복확인 : DB조회 오류 : Invalid bound statement (not found): com.mediaflow.tips.user.mapper.UserMapper.count
2018-01-02 17:23:42.398 [http-nio-8080-exec-7] ERROR c.m.t.user.controller.UserController - 아이디 중복확인 : DB조회 오류 : Invalid bound statement (not found): com.mediaflow.tips.user.mapper.UserMapper.count
2018-01-02 17:25:59.470 [http-nio-8080-exec-6] ERROR c.m.t.user.controller.UserController - 아이디 중복확인 : DB조회 오류 : Invalid bound statement (not found): com.mediaflow.tips.user.mapper.UserMapper.count
2018-01-02 17:26:11.157 [http-nio-8080-exec-8] ERROR c.m.t.user.controller.UserController - 아이디 중복확인 : DB조회 오류 : Invalid bound statement (not found): com.mediaflow.tips.user.mapper.UserMapper.count
2018-01-02 17:26:12.160 [http-nio-8080-exec-9] ERROR c.m.t.user.controller.UserController - 아이디 중복확인 : DB조회 오류 : Invalid bound statement (not found): com.mediaflow.tips.user.mapper.UserMapper.count
2018-01-02 17:26:35.432 [http-nio-8080-exec-10] ERROR c.m.t.user.controller.UserController - 회원가입 (이메일 중복체크) : DB삽입 에러 : Invalid bound statement (not found): com.mediaflow.tips.user.mapper.UserMapper.get
2018-01-02 17:27:33.448 [http-nio-8080-exec-3] ERROR c.m.t.user.controller.UserController - 아이디 중복확인 : DB조회 오류 : Invalid bound statement (not found): com.mediaflow.tips.user.mapper.UserMapper.count
2018-01-02 17:31:01.283 [http-nio-8080-exec-9] DEBUG c.m.t.user.mapper.UserMapper.count - ==>  Preparing: SELECT COUNT(u.user_id) FROM tb_user u LEFT JOIN(SELECT c.code_id, c.code_name FROM tb_code c WHERE c.code_group_id = 'USER_TYPE_CD') a ON u.type_cd = a.code_id LEFT JOIN(SELECT c.code_id, c.code_name FROM tb_code c WHERE c.code_group_id = 'EMAIL_ADDRESS_CD') b ON u.email_addr_cd = b.code_id WHERE del_id is not null AND u.user_id = ? 
2018-01-02 17:31:01.293 [http-nio-8080-exec-9] DEBUG c.m.t.user.mapper.UserMapper.count - ==> Parameters: test06(String)
2018-01-02 17:31:01.301 [http-nio-8080-exec-9] DEBUG c.m.t.user.mapper.UserMapper.count - <==      Total: 1
2018-01-02 17:31:43.001 [http-nio-8080-exec-8] DEBUG c.m.tips.user.mapper.UserMapper.get - ==>  Preparing: SELECT u.user_id , u.pwd , u.name , u.type_cd , u.mobile_no , u.email_id , u.email_addr_cd , u.email_addr_nm , u.appr_yn , date_format(u.appr_dt, '%Y-%m-%d %T') appr_dt , date_format(u.reg_dt, '%Y-%m-%d %T') reg_dt , u.del_id , date_format(u.del_dt, '%Y-%m-%d %T') del_dt , SUBSTRING_INDEX(mobile_no, '-', 1) mobile_no1 , SUBSTRING_INDEX(SUBSTRING_INDEX(mobile_no, '-', 2), '-', -1) mobile_no2 , SUBSTRING_INDEX(mobile_no, '-', -1) mobile_no3 FROM tb_user u LEFT JOIN(SELECT c.code_id, c.code_name FROM tb_code c WHERE c.code_group_id = 'USER_TYPE_CD') a ON u.type_cd = a.code_id LEFT JOIN(SELECT c.code_id, c.code_name FROM tb_code c WHERE c.code_group_id = 'EMAIL_ADDRESS_CD') b ON u.email_addr_cd = b.code_id WHERE u.email_id = ? AND u.email_addr_nm = ? 
2018-01-02 17:31:43.001 [http-nio-8080-exec-8] DEBUG c.m.tips.user.mapper.UserMapper.get - ==> Parameters: test06(String), gmail.com(String)
2018-01-02 17:31:43.006 [http-nio-8080-exec-8] DEBUG c.m.tips.user.mapper.UserMapper.get - <==      Total: 0
2018-01-02 17:31:43.008 [http-nio-8080-exec-8] DEBUG c.m.tips.user.mapper.UserMapper.add - ==>  Preparing: INSERT INTO tb_user ( user_id , pwd , name , email_id , email_addr_cd , email_addr_nm , reg_dt ) VALUES ( ? , ? , ? , ? , ? , ? , NOW() ) 
2018-01-02 17:31:43.011 [http-nio-8080-exec-8] DEBUG c.m.tips.user.mapper.UserMapper.add - ==> Parameters: test06(String), test06(String), 테스트06(String), test06(String), 05(String), gmail.com(String)
2018-01-02 17:31:43.074 [http-nio-8080-exec-8] DEBUG c.m.tips.user.mapper.UserMapper.add - <==    Updates: 1
2018-01-02 17:31:43.075 [http-nio-8080-exec-8] INFO  c.m.t.user.controller.UserController - [test06] 사용자가 회원가입하였습니다.
2018-01-02 17:35:43.894 [http-nio-8080-exec-3] DEBUG c.m.t.user.mapper.UserMapper.count - ==>  Preparing: SELECT COUNT(u.user_id) FROM tb_user u LEFT JOIN(SELECT c.code_id, c.code_name FROM tb_code c WHERE c.code_group_id = 'USER_TYPE_CD') a ON u.type_cd = a.code_id LEFT JOIN(SELECT c.code_id, c.code_name FROM tb_code c WHERE c.code_group_id = 'EMAIL_ADDRESS_CD') b ON u.email_addr_cd = b.code_id WHERE del_id is not null AND u.user_id = ? 
2018-01-02 17:35:43.905 [http-nio-8080-exec-3] DEBUG c.m.t.user.mapper.UserMapper.count - ==> Parameters: test01(String)
2018-01-02 17:35:43.918 [http-nio-8080-exec-3] DEBUG c.m.t.user.mapper.UserMapper.count - <==      Total: 1
2018-01-02 17:36:05.785 [http-nio-8080-exec-10] DEBUG c.m.tips.user.mapper.UserMapper.get - ==>  Preparing: SELECT u.user_id , u.pwd , u.name , u.type_cd , u.mobile_no , u.email_id , u.email_addr_cd , u.email_addr_nm , u.appr_yn , date_format(u.appr_dt, '%Y-%m-%d %T') appr_dt , date_format(u.reg_dt, '%Y-%m-%d %T') reg_dt , u.del_id , date_format(u.del_dt, '%Y-%m-%d %T') del_dt , SUBSTRING_INDEX(mobile_no, '-', 1) mobile_no1 , SUBSTRING_INDEX(SUBSTRING_INDEX(mobile_no, '-', 2), '-', -1) mobile_no2 , SUBSTRING_INDEX(mobile_no, '-', -1) mobile_no3 FROM tb_user u LEFT JOIN(SELECT c.code_id, c.code_name FROM tb_code c WHERE c.code_group_id = 'USER_TYPE_CD') a ON u.type_cd = a.code_id LEFT JOIN(SELECT c.code_id, c.code_name FROM tb_code c WHERE c.code_group_id = 'EMAIL_ADDRESS_CD') b ON u.email_addr_cd = b.code_id WHERE u.email_id = ? AND u.email_addr_nm = ? 
2018-01-02 17:36:05.785 [http-nio-8080-exec-10] DEBUG c.m.tips.user.mapper.UserMapper.get - ==> Parameters: test01(String), gmail.com(String)
2018-01-02 17:36:05.788 [http-nio-8080-exec-10] DEBUG c.m.tips.user.mapper.UserMapper.get - <==      Total: 0
2018-01-02 17:36:05.791 [http-nio-8080-exec-10] DEBUG c.m.tips.user.mapper.UserMapper.add - ==>  Preparing: INSERT INTO tb_user ( user_id , pwd , name , email_id , email_addr_cd , email_addr_nm , reg_dt ) VALUES ( ? , PASSWORD(?) , ? , ? , ? , ? , NOW() ) 
2018-01-02 17:36:05.795 [http-nio-8080-exec-10] DEBUG c.m.tips.user.mapper.UserMapper.add - ==> Parameters: test01(String), test01(String), 테스트01(String), test01(String), 05(String), gmail.com(String)
2018-01-02 17:36:05.843 [http-nio-8080-exec-10] DEBUG c.m.tips.user.mapper.UserMapper.add - <==    Updates: 1
2018-01-02 17:36:05.843 [http-nio-8080-exec-10] INFO  c.m.t.user.controller.UserController - [test01] 회원가입 성공.
2018-01-02 18:11:25.338 [http-nio-8080-exec-7] INFO  c.m.t.user.controller.UserController - User id : test01
2018-01-02 18:11:25.426 [http-nio-8080-exec-7] INFO  c.m.t.user.controller.UserController - User pwd : test01
2018-01-02 18:11:25.865 [http-nio-8080-exec-7] DEBUG c.m.tips.user.mapper.UserMapper.get - ==>  Preparing: SELECT u.user_id , u.pwd , u.name , u.type_cd , u.mobile_no , u.email_id , u.email_addr_cd , u.email_addr_nm , u.appr_yn , date_format(u.appr_dt, '%Y-%m-%d %T') appr_dt , date_format(u.reg_dt, '%Y-%m-%d %T') reg_dt , u.del_id , date_format(u.del_dt, '%Y-%m-%d %T') del_dt , SUBSTRING_INDEX(mobile_no, '-', 1) mobile_no1 , SUBSTRING_INDEX(SUBSTRING_INDEX(mobile_no, '-', 2), '-', -1) mobile_no2 , SUBSTRING_INDEX(mobile_no, '-', -1) mobile_no3 FROM tb_user u LEFT JOIN(SELECT c.code_id, c.code_name FROM tb_code c WHERE c.code_group_id = 'USER_TYPE_CD') a ON u.type_cd = a.code_id LEFT JOIN(SELECT c.code_id, c.code_name FROM tb_code c WHERE c.code_group_id = 'EMAIL_ADDRESS_CD') b ON u.email_addr_cd = b.code_id WHERE u.user_id = ? AND u.pwd = PASSWORD(?) 
2018-01-02 18:11:25.898 [http-nio-8080-exec-7] DEBUG c.m.tips.user.mapper.UserMapper.get - ==> Parameters: test01(String), test01(String)
2018-01-02 18:11:25.915 [http-nio-8080-exec-7] DEBUG c.m.tips.user.mapper.UserMapper.get - <==      Total: 1
2018-01-02 18:11:25.917 [http-nio-8080-exec-7] INFO  c.m.t.user.controller.UserController - [test01] 로그인 성공.
